
ROM used:   88/8192 (1%)
            88/8192 (1%) including unused fragments

            0.1 Average locations per line
            7.3 Average locations per statement

RAM used:   13/368 (4%) at main() level
            13/368 (4%) worst case

Stack used: 1 worst case (0 in main + 1 for interrupts)
Stack size: 8

Lines Stmts  %   Files
----- ----- ---  -----
   25    12 100  main.c
   10     0   0  main.h
  671     0   0  ..\..\..\..\Program Files (x86)\PICC\Devices\16F877A.h
----- -----
  706    12 Total

Page ROM  %  RAM    Vol Diff  Functions:
---- --- --- ---    --- ----  ----------
0     15  17    0     76  2.7  ngatTimer
0     26  30    0    132  2.6  MAIN
 Inline         0             @cinit1

Program metrics:
    Functions               2
    Statements              12
    Comments                119
    Volume (V)              257
    Difficulty (D)          5.2
    Effort to implement (E) 1337
    Time to implement (T)   1 minutes
    Est Delivered Bugs (B)  0
    Cyclomatic Complexity   1
    Maintainability (MI)    88

 Segment     Used  Free
-----------  ----  ----
00000-00003     4  0  
00004-0002E    43  0  
0002F-007FF    41  1960  
00800-00FFF     0  2048  
01000-017FF     0  2048  
01800-01FFF     0  2048  



